<?xml version="1.0" encoding="UTF-8"?>
<testsuite name="com.example.notes.ApiDocumentation" time="3.597" tests="11" errors="1" skipped="0" failures="0">
  <properties>
    <property name="java.runtime.name" value="Java(TM) SE Runtime Environment"/>
    <property name="sun.boot.library.path" value="D:\eclipseTools\jdk1.8.0_144\jre\bin"/>
    <property name="java.vm.version" value="25.144-b01"/>
    <property name="java.vm.vendor" value="Oracle Corporation"/>
    <property name="maven.multiModuleProjectDirectory" value="C:\test\spring-restdocs-master\samples\rest-notes-spring-data-rest"/>
    <property name="java.vendor.url" value="http://java.oracle.com/"/>
    <property name="path.separator" value=";"/>
    <property name="guice.disable.misplaced.annotation.check" value="true"/>
    <property name="java.vm.name" value="Java HotSpot(TM) Client VM"/>
    <property name="file.encoding.pkg" value="sun.io"/>
    <property name="user.script" value=""/>
    <property name="user.country" value="CN"/>
    <property name="sun.java.launcher" value="SUN_STANDARD"/>
    <property name="sun.os.patch.level" value=""/>
    <property name="java.vm.specification.name" value="Java Virtual Machine Specification"/>
    <property name="user.dir" value="C:\test\spring-restdocs-master\samples\rest-notes-spring-data-rest"/>
    <property name="java.runtime.version" value="1.8.0_144-b01"/>
    <property name="java.awt.graphicsenv" value="sun.awt.Win32GraphicsEnvironment"/>
    <property name="java.endorsed.dirs" value="D:\eclipseTools\jdk1.8.0_144\jre\lib\endorsed"/>
    <property name="os.arch" value="x86"/>
    <property name="java.io.tmpdir" value="C:\Users\ADMINI~1\AppData\Local\Temp\"/>
    <property name="line.separator" value="&#10;"/>
    <property name="java.vm.specification.vendor" value="Oracle Corporation"/>
    <property name="user.variant" value=""/>
    <property name="os.name" value="Windows 10"/>
    <property name="classworlds.conf" value="D:\eclipseTools\spring-tool-suite-3.9.0.RELEASE-e4.7.0-win32_workspace\.metadata\.plugins\org.eclipse.m2e.launching\launches\m2conf8600275645056969744.tmp"/>
    <property name="sun.jnu.encoding" value="GBK"/>
    <property name="java.library.path" value="D:\eclipseTools\jdk1.8.0_144\bin;C:\WINDOWS\Sun\Java\bin;C:\WINDOWS\system32;C:\WINDOWS;D:\Java\jdk1.8.0_66\bin;C:\WINDOWS\system32;C:\WINDOWS;C:\WINDOWS\System32\Wbem;C:\WINDOWS\System32\WindowsPowerShell\v1.0\;D:\Program Files\nodejs\;D:\Program Files\Git\cmd;C:\Program Files\nodejs\node_global;C:\Program Files\MongoDB\Server\3.4\bin;C:\Users\Administrator\AppData\Local\Microsoft\WindowsApps;;C:\Program Files (x86)\SSH Communications Security\SSH Secure Shell;C:\Users\Administrator\AppData\Roaming\npm;."/>
    <property name="java.specification.name" value="Java Platform API Specification"/>
    <property name="java.class.version" value="52.0"/>
    <property name="sun.management.compiler" value="HotSpot Client Compiler"/>
    <property name="os.version" value="10.0"/>
    <property name="user.home" value="C:\Users\Administrator"/>
    <property name="user.timezone" value="Asia/Shanghai"/>
    <property name="java.awt.printerjob" value="sun.awt.windows.WPrinterJob"/>
    <property name="java.specification.version" value="1.8"/>
    <property name="file.encoding" value="UTF-8"/>
    <property name="user.name" value="Administrator"/>
    <property name="java.class.path" value="/D:/eclipseTools/spring-tool-suite-3.9.0.RELEASE-e4.7.0-win32/sts-bundle/sts-3.9.0.RELEASE/plugins/org.eclipse.m2e.maven.runtime_1.8.0.20170516-2042/jars/plexus-classworlds-2.5.2.jar"/>
    <property name="java.vm.specification.version" value="1.8"/>
    <property name="sun.arch.data.model" value="32"/>
    <property name="java.home" value="D:\eclipseTools\jdk1.8.0_144\jre"/>
    <property name="sun.java.command" value="org.codehaus.plexus.classworlds.launcher.Launcher -B clean package"/>
    <property name="java.specification.vendor" value="Oracle Corporation"/>
    <property name="user.language" value="zh"/>
    <property name="awt.toolkit" value="sun.awt.windows.WToolkit"/>
    <property name="java.vm.info" value="mixed mode"/>
    <property name="java.version" value="1.8.0_144"/>
    <property name="java.ext.dirs" value="D:\eclipseTools\jdk1.8.0_144\jre\lib\ext;C:\WINDOWS\Sun\Java\lib\ext"/>
    <property name="sun.boot.class.path" value="D:\eclipseTools\jdk1.8.0_144\jre\lib\resources.jar;D:\eclipseTools\jdk1.8.0_144\jre\lib\rt.jar;D:\eclipseTools\jdk1.8.0_144\jre\lib\sunrsasign.jar;D:\eclipseTools\jdk1.8.0_144\jre\lib\jsse.jar;D:\eclipseTools\jdk1.8.0_144\jre\lib\jce.jar;D:\eclipseTools\jdk1.8.0_144\jre\lib\charsets.jar;D:\eclipseTools\jdk1.8.0_144\jre\lib\jfr.jar;D:\eclipseTools\jdk1.8.0_144\jre\classes"/>
    <property name="java.vendor" value="Oracle Corporation"/>
    <property name="maven.home" value="C:\test\spring-restdocs-master\samples\rest-notes-spring-data-rest\EMBEDDED"/>
    <property name="file.separator" value="\"/>
    <property name="java.vendor.url.bug" value="http://bugreport.sun.com/bugreport/"/>
    <property name="sun.cpu.endian" value="little"/>
    <property name="sun.io.unicode.encoding" value="UnicodeLittle"/>
    <property name="sun.desktop" value="windows"/>
    <property name="sun.cpu.isalist" value="pentium_pro+mmx pentium_pro pentium+mmx pentium i486 i386 i86"/>
  </properties>
  <testcase name="tagUpdateExample" classname="com.example.notes.ApiDocumentation" time="1.645"/>
  <testcase name="errorExample" classname="com.example.notes.ApiDocumentation" time="0.182"/>
  <testcase name="noteUpdateExample" classname="com.example.notes.ApiDocumentation" time="0.25"/>
  <testcase name="indexExample" classname="com.example.notes.ApiDocumentation" time="0.078">
    <error message="Links with the following relations were not documented: [users]" type="org.springframework.restdocs.snippet.SnippetException">org.springframework.restdocs.snippet.SnippetException: Links with the following relations were not documented: [users]
	at org.springframework.restdocs.hypermedia.LinksSnippet.validate(LinksSnippet.java:174)
	at org.springframework.restdocs.hypermedia.LinksSnippet.createModel(LinksSnippet.java:128)
	at org.springframework.restdocs.snippet.TemplatedSnippet.document(TemplatedSnippet.java:83)
	at org.springframework.restdocs.generate.RestDocumentationGenerator.handle(RestDocumentationGenerator.java:196)
	at org.springframework.restdocs.mockmvc.RestDocumentationResultHandler.handle(RestDocumentationResultHandler.java:55)
	at org.springframework.test.web.servlet.MockMvc$1.andDo(MockMvc.java:177)
	at com.example.notes.ApiDocumentation.indexExample(ApiDocumentation.java:114)
</error>
    <system-out><![CDATA[2017-10-02 10:18:21.783  INFO 608 --- [           main] o.s.b.t.m.w.SpringBootMockServletContext : Initializing Spring FrameworkServlet ''
2017-10-02 10:18:21.783  INFO 608 --- [           main] o.s.t.web.servlet.TestDispatcherServlet  : FrameworkServlet '': initialization started
2017-10-02 10:18:21.783  INFO 608 --- [           main] o.s.t.web.servlet.TestDispatcherServlet  : FrameworkServlet '': initialization completed in 0 ms
]]></system-out>
  </testcase>
  <testcase name="tagsListExample" classname="com.example.notes.ApiDocumentation" time="0.56"/>
  <testcase name="notesListExample" classname="com.example.notes.ApiDocumentation" time="0.139"/>
  <testcase name="notesCreateExample" classname="com.example.notes.ApiDocumentation" time="0.11"/>
  <testcase name="tagsCreateExample" classname="com.example.notes.ApiDocumentation" time="0.109"/>
  <testcase name="noteGetExample" classname="com.example.notes.ApiDocumentation" time="0.141"/>
  <testcase name="tagGetExample" classname="com.example.notes.ApiDocumentation" time="0.1"/>
  <testcase name="tagUpdateExampleaa" classname="com.example.notes.ApiDocumentation" time="0.283"/>
</testsuite>